Compilazione avviata 15/04/2017 21.07.07.
     1>Progetto "C:\Users\antonino\Desktop\vulkan_engine\bullet3-2.86.1\build3\vs2010\App_BasicExampleGuiWithSoftwareRenderer.vcxproj" sul nodo 2 (destinazioni: Build).
     1>ClCompile:
         C:\Program Files (x86)\Microsoft Visual Studio 14.0\VC\bin\CL.exe /c /I..\..\src /I..\..\examples\ThirdPartyLibs\Glew /Zi /nologo /W3 /WX- /Od /Oy- /D _DEBUG=1 /D B3_USE_STANDALONE_EXAMPLE /D GLEW_STATIC /D _MBCS /Gm- /EHsc /RTC1 /MTd /GS /Gy /fp:fast /Zc:wchar_t /Zc:forScope /Zc:inline /Fo"obj\x32\Debug\App_BasicExampleGuiWithSoftwareRenderer\\" /Fd"..\..\bin\App_BasicExampleGuiWithSoftwareRenderer_vs2010_debug.pdb" /Gd /TC /analyze- /errorReport:prompt /MP /wd4244 /wd4267 ..\..\examples\ThirdPartyLibs\Glew\glew.c
         glew.c
         C:\Program Files (x86)\Microsoft Visual Studio 14.0\VC\bin\CL.exe /c /I..\..\src /I..\..\examples\ThirdPartyLibs\Glew /Zi /nologo /W3 /WX- /Od /Oy- /D _DEBUG=1 /D B3_USE_STANDALONE_EXAMPLE /D GLEW_STATIC /D _MBCS /Gm- /EHsc /RTC1 /MTd /GS /Gy /fp:fast /Zc:wchar_t /Zc:forScope /Zc:inline /Fo"obj\x32\Debug\App_BasicExampleGuiWithSoftwareRenderer\\" /Fd"..\..\bin\App_BasicExampleGuiWithSoftwareRenderer_vs2010_debug.pdb" /Gd /TP /analyze- /errorReport:prompt /MP /wd4244 /wd4267 ..\..\examples\BasicDemo\BasicExample.cpp ..\..\examples\StandaloneMain\main_sw_tinyrenderer_single_example.cpp ..\..\examples\ExampleBrowser\OpenGLGuiHelper.cpp ..\..\examples\ExampleBrowser\GL_ShapeDrawer.cpp ..\..\examples\ExampleBrowser\CollisionShape2TriangleMesh.cpp ..\..\examples\TinyRenderer\geometry.cpp ..\..\examples\TinyRenderer\model.cpp ..\..\examples\TinyRenderer\tgaimage.cpp ..\..\examples\TinyRenderer\our_gl.cpp ..\..\examples\TinyRenderer\TinyRenderer.cpp ..\..\examples\Utils\b3ResourcePath.cpp ..\..\examples\Utils\b3Clock.cpp
         BasicExample.cpp
         main_sw_tinyrenderer_single_example.cpp
         OpenGLGuiHelper.cpp
         GL_ShapeDrawer.cpp
         CollisionShape2TriangleMesh.cpp
         geometry.cpp
         model.cpp
         tgaimage.cpp
         our_gl.cpp
     1>..\..\examples\StandaloneMain\main_sw_tinyrenderer_single_example.cpp(119): warning C4316: 'TinyRenderObjectData': l'oggetto allocato nell'heap può non essere allineato 16
         TinyRenderer.cpp
         b3ResourcePath.cpp
         b3Clock.cpp
     1>..\..\examples\BasicDemo\BasicExample.cpp(143): warning C4316: 'BasicExample': l'oggetto allocato nell'heap può non essere allineato 16
       Link:
         C:\Program Files (x86)\Microsoft Visual Studio 14.0\VC\bin\link.exe /ERRORREPORT:PROMPT /OUT:"..\..\bin\App_BasicExampleGuiWithSoftwareRenderer_vs2010_debug.exe" /INCREMENTAL /NOLOGO ..\..\bin\BulletDynamics_vs2010_debug.lib ..\..\bin\BulletCollision_vs2010_debug.lib ..\..\bin\LinearMath_vs2010_debug.lib ..\..\bin\OpenGL_Window_vs2010_debug.lib ..\..\bin\Bullet3Common_vs2010_debug.lib opengl32.lib glu32.lib kernel32.lib user32.lib gdi32.lib winspool.lib comdlg32.lib advapi32.lib shell32.lib ole32.lib oleaut32.lib uuid.lib odbc32.lib odbccp32.lib /MANIFEST /MANIFESTUAC:"level='asInvoker' uiAccess='false'" /manifest:embed /Debug /PDB:"..\..\bin\App_BasicExampleGuiWithSoftwareRenderer_vs2010_debug.pdb" /SUBSYSTEM:CONSOLE /TLBID:1 /ENTRY:"mainCRTStartup" /DYNAMICBASE /NXCOMPAT /IMPLIB:"..\..\bin\App_BasicExampleGuiWithSoftwareRenderer_vs2010_debug.lib" /MACHINE:X86 obj\x32\Debug\App_BasicExampleGuiWithSoftwareRenderer\glew.obj
         obj\x32\Debug\App_BasicExampleGuiWithSoftwareRenderer\BasicExample.obj
         obj\x32\Debug\App_BasicExampleGuiWithSoftwareRenderer\main_sw_tinyrenderer_single_example.obj
         obj\x32\Debug\App_BasicExampleGuiWithSoftwareRenderer\OpenGLGuiHelper.obj
         obj\x32\Debug\App_BasicExampleGuiWithSoftwareRenderer\GL_ShapeDrawer.obj
         obj\x32\Debug\App_BasicExampleGuiWithSoftwareRenderer\CollisionShape2TriangleMesh.obj
         obj\x32\Debug\App_BasicExampleGuiWithSoftwareRenderer\geometry.obj
         obj\x32\Debug\App_BasicExampleGuiWithSoftwareRenderer\model.obj
         obj\x32\Debug\App_BasicExampleGuiWithSoftwareRenderer\tgaimage.obj
         obj\x32\Debug\App_BasicExampleGuiWithSoftwareRenderer\our_gl.obj
         obj\x32\Debug\App_BasicExampleGuiWithSoftwareRenderer\TinyRenderer.obj
         obj\x32\Debug\App_BasicExampleGuiWithSoftwareRenderer\b3ResourcePath.obj
         obj\x32\Debug\App_BasicExampleGuiWithSoftwareRenderer\b3Clock.obj
         App_BasicExampleGuiWithSoftwareRenderer.vcxproj -> C:\Users\antonino\Desktop\vulkan_engine\bullet3-2.86.1\build3\vs2010\..\..\bin\App_BasicExampleGuiWithSoftwareRenderer_vs2010_debug.exe
     1>Compilazione progetto "C:\Users\antonino\Desktop\vulkan_engine\bullet3-2.86.1\build3\vs2010\App_BasicExampleGuiWithSoftwareRenderer.vcxproj" (destinazioni: Build) completata.

Compilazione completata.

Tempo trascorso 00:00:21.33
