Compilazione avviata 15/04/2017 21.05.44.
     1>Progetto "C:\Users\antonino\Desktop\vulkan_engine\bullet3-2.86.1\build3\vs2010\BulletSoftBody.vcxproj" sul nodo 4 (destinazioni: Build).
     1>ClCompile:
         C:\Program Files (x86)\Microsoft Visual Studio 14.0\VC\bin\CL.exe /c /I..\..\src /Zi /nologo /W3 /WX- /Od /Oy- /D _DEBUG=1 /D _MBCS /Gm- /EHsc /RTC1 /MTd /GS /Gy /fp:fast /Zc:wchar_t /Zc:forScope /Zc:inline /Fo"obj\x32\Debug\BulletSoftBody\\" /Fd"..\..\bin\BulletSoftBody_vs2010_debug.pdb" /Gd /TP /analyze- /errorReport:prompt /MP /wd4244 /wd4267 ..\..\src\BulletSoftBody\btDefaultSoftBodySolver.cpp ..\..\src\BulletSoftBody\btSoftBody.cpp ..\..\src\BulletSoftBody\btSoftBodyConcaveCollisionAlgorithm.cpp ..\..\src\BulletSoftBody\btSoftBodyHelpers.cpp ..\..\src\BulletSoftBody\btSoftBodyRigidBodyCollisionConfiguration.cpp ..\..\src\BulletSoftBody\btSoftMultiBodyDynamicsWorld.cpp ..\..\src\BulletSoftBody\btSoftRigidCollisionAlgorithm.cpp ..\..\src\BulletSoftBody\btSoftRigidDynamicsWorld.cpp ..\..\src\BulletSoftBody\btSoftSoftCollisionAlgorithm.cpp
         btDefaultSoftBodySolver.cpp
         btSoftBody.cpp
         btSoftBodyConcaveCollisionAlgorithm.cpp
         btSoftBodyHelpers.cpp
         btSoftBodyRigidBodyCollisionConfiguration.cpp
         btSoftMultiBodyDynamicsWorld.cpp
         btSoftRigidCollisionAlgorithm.cpp
         btSoftRigidDynamicsWorld.cpp
         btSoftSoftCollisionAlgorithm.cpp
       Lib:
         C:\Program Files (x86)\Microsoft Visual Studio 14.0\VC\bin\Lib.exe /OUT:"..\..\bin\BulletSoftBody_vs2010_debug.lib" /NOLOGO /MACHINE:X86 obj\x32\Debug\BulletSoftBody\btDefaultSoftBodySolver.obj
         obj\x32\Debug\BulletSoftBody\btSoftBody.obj
         obj\x32\Debug\BulletSoftBody\btSoftBodyConcaveCollisionAlgorithm.obj
         obj\x32\Debug\BulletSoftBody\btSoftBodyHelpers.obj
         obj\x32\Debug\BulletSoftBody\btSoftBodyRigidBodyCollisionConfiguration.obj
         obj\x32\Debug\BulletSoftBody\btSoftMultiBodyDynamicsWorld.obj
         obj\x32\Debug\BulletSoftBody\btSoftRigidCollisionAlgorithm.obj
         obj\x32\Debug\BulletSoftBody\btSoftRigidDynamicsWorld.obj
         obj\x32\Debug\BulletSoftBody\btSoftSoftCollisionAlgorithm.obj
         BulletSoftBody.vcxproj -> C:\Users\antonino\Desktop\vulkan_engine\bullet3-2.86.1\build3\vs2010\..\..\bin\BulletSoftBody_vs2010_debug.lib
     1>Compilazione progetto "C:\Users\antonino\Desktop\vulkan_engine\bullet3-2.86.1\build3\vs2010\BulletSoftBody.vcxproj" (destinazioni: Build) completata.

Compilazione completata.

Tempo trascorso 00:00:08.84
