Compilazione avviata 15/04/2017 21.07.07.
     1>Progetto "C:\Users\antonino\Desktop\vulkan_engine\bullet3-2.86.1\build3\vs2010\App_BasicExampleTinyRenderer.vcxproj" sul nodo 5 (destinazioni: Build).
     1>ClCompile:
         C:\Program Files (x86)\Microsoft Visual Studio 14.0\VC\bin\CL.exe /c /I..\..\src /Zi /nologo /W3 /WX- /Od /Oy- /D _DEBUG=1 /D B3_USE_STANDALONE_EXAMPLE /D _MBCS /Gm- /EHsc /RTC1 /MTd /GS /Gy /fp:fast /Zc:wchar_t /Zc:forScope /Zc:inline /Fo"obj\x32\Debug\App_BasicExampleTinyRenderer\\" /Fd"..\..\bin\App_BasicExampleTinyRenderer_vs2010_debug.pdb" /Gd /TP /analyze- /errorReport:prompt /MP /wd4244 /wd4267 ..\..\examples\BasicDemo\BasicExample.cpp ..\..\examples\StandaloneMain\main_tinyrenderer_single_example.cpp ..\..\examples\ExampleBrowser\CollisionShape2TriangleMesh.cpp ..\..\examples\OpenGLWindow\SimpleCamera.cpp ..\..\examples\TinyRenderer\geometry.cpp ..\..\examples\TinyRenderer\model.cpp ..\..\examples\TinyRenderer\tgaimage.cpp ..\..\examples\TinyRenderer\our_gl.cpp ..\..\examples\TinyRenderer\TinyRenderer.cpp ..\..\examples\Utils\b3ResourcePath.cpp ..\..\examples\Utils\b3Clock.cpp
         BasicExample.cpp
         main_tinyrenderer_single_example.cpp
         CollisionShape2TriangleMesh.cpp
         SimpleCamera.cpp
         geometry.cpp
         model.cpp
         tgaimage.cpp
         our_gl.cpp
         TinyRenderer.cpp
         b3ResourcePath.cpp
         b3Clock.cpp
     1>..\..\examples\StandaloneMain\main_tinyrenderer_single_example.cpp(279): warning C4316: 'TinyRenderObjectData': l'oggetto allocato nell'heap può non essere allineato 16
     1>..\..\examples\BasicDemo\BasicExample.cpp(143): warning C4316: 'BasicExample': l'oggetto allocato nell'heap può non essere allineato 16
       Link:
         C:\Program Files (x86)\Microsoft Visual Studio 14.0\VC\bin\link.exe /ERRORREPORT:PROMPT /OUT:"..\..\bin\App_BasicExampleTinyRenderer_vs2010_debug.exe" /INCREMENTAL /NOLOGO ..\..\bin\BulletDynamics_vs2010_debug.lib ..\..\bin\BulletCollision_vs2010_debug.lib ..\..\bin\LinearMath_vs2010_debug.lib ..\..\bin\Bullet3Common_vs2010_debug.lib kernel32.lib user32.lib gdi32.lib winspool.lib comdlg32.lib advapi32.lib shell32.lib ole32.lib oleaut32.lib uuid.lib odbc32.lib odbccp32.lib /MANIFEST /MANIFESTUAC:"level='asInvoker' uiAccess='false'" /manifest:embed /Debug /PDB:"..\..\bin\App_BasicExampleTinyRenderer_vs2010_debug.pdb" /SUBSYSTEM:CONSOLE /TLBID:1 /ENTRY:"mainCRTStartup" /DYNAMICBASE /NXCOMPAT /IMPLIB:"..\..\bin\App_BasicExampleTinyRenderer_vs2010_debug.lib" /MACHINE:X86 obj\x32\Debug\App_BasicExampleTinyRenderer\BasicExample.obj
         obj\x32\Debug\App_BasicExampleTinyRenderer\main_tinyrenderer_single_example.obj
         obj\x32\Debug\App_BasicExampleTinyRenderer\CollisionShape2TriangleMesh.obj
         obj\x32\Debug\App_BasicExampleTinyRenderer\SimpleCamera.obj
         obj\x32\Debug\App_BasicExampleTinyRenderer\geometry.obj
         obj\x32\Debug\App_BasicExampleTinyRenderer\model.obj
         obj\x32\Debug\App_BasicExampleTinyRenderer\tgaimage.obj
         obj\x32\Debug\App_BasicExampleTinyRenderer\our_gl.obj
         obj\x32\Debug\App_BasicExampleTinyRenderer\TinyRenderer.obj
         obj\x32\Debug\App_BasicExampleTinyRenderer\b3ResourcePath.obj
         obj\x32\Debug\App_BasicExampleTinyRenderer\b3Clock.obj
         App_BasicExampleTinyRenderer.vcxproj -> C:\Users\antonino\Desktop\vulkan_engine\bullet3-2.86.1\build3\vs2010\..\..\bin\App_BasicExampleTinyRenderer_vs2010_debug.exe
     1>Compilazione progetto "C:\Users\antonino\Desktop\vulkan_engine\bullet3-2.86.1\build3\vs2010\App_BasicExampleTinyRenderer.vcxproj" (destinazioni: Build) completata.

Compilazione completata.

Tempo trascorso 00:00:20.29
