Compilazione avviata 15/04/2017 21.06.12.
     1>Progetto "C:\Users\antonino\Desktop\vulkan_engine\bullet3-2.86.1\build3\vs2010\App_PhysicsServerUDP.vcxproj" sul nodo 7 (destinazioni: Build).
     1>ClCompile:
         C:\Program Files (x86)\Microsoft Visual Studio 14.0\VC\bin\CL.exe /c /I..\..\examples\SharedMemory /I..\..\src /I..\..\examples\ThirdPartyLibs /I..\..\examples\ThirdPartyLibs\enet\include /Zi /nologo /W3 /WX- /Od /Oy- /D _DEBUG=1 /D NO_SHARED_MEMORY /D WIN32 /D _MBCS /Gm- /EHsc /RTC1 /MTd /GS /Gy /fp:fast /Zc:wchar_t /Zc:forScope /Zc:inline /Fo"obj\x32\Debug\App_PhysicsServerUDP\\" /Fd"..\..\bin\App_PhysicsServerUDP_vs2010_debug.pdb" /Gd /TP /analyze- /errorReport:prompt /MP /wd4244 /wd4267 ..\..\examples\SharedMemory\IKTrajectoryHelper.cpp ..\..\examples\SharedMemory\PhysicsServerCommandProcessor.cpp ..\..\examples\SharedMemory\TinyRendererVisualShapeConverter.cpp ..\..\examples\TinyRenderer\geometry.cpp ..\..\examples\TinyRenderer\model.cpp ..\..\examples\TinyRenderer\tgaimage.cpp ..\..\examples\TinyRenderer\our_gl.cpp ..\..\examples\TinyRenderer\TinyRenderer.cpp ..\..\examples\OpenGLWindow\SimpleCamera.cpp ..\..\examples\Importers\ImportURDFDemo\MyMultiBodyCreator.cpp ..\..\examples\Importers\ImportMJCFDemo\BulletMJCFImporter.cpp ..\..\examples\Importers\ImportURDFDemo\BulletUrdfImporter.cpp ..\..\examples\Importers\ImportURDFDemo\UrdfParser.cpp ..\..\examples\Importers\ImportURDFDemo\urdfStringSplit.cpp ..\..\examples\Importers\ImportURDFDemo\URDF2Bullet.cpp ..\..\examples\Utils\b3ResourcePath.cpp ..\..\examples\Utils\b3Clock.cpp ..\..\examples\Utils\RobotLoggingUtil.cpp ..\..\Extras\Serialize\BulletWorldImporter\btBulletWorldImporter.cpp ..\..\Extras\Serialize\BulletWorldImporter\btWorldImporter.cpp ..\..\Extras\Serialize\BulletFileLoader\bChunk.cpp ..\..\Extras\Serialize\BulletFileLoader\bDNA.cpp ..\..\Extras\Serialize\BulletFileLoader\bFile.cpp ..\..\Extras\Serialize\BulletFileLoader\btBulletFile.cpp ..\..\examples\Importers\ImportObjDemo\Wavefront2GLInstanceGraphicsShape.cpp ..\..\examples\Importers\ImportObjDemo\LoadMeshFromObj.cpp ..\..\examples\Importers\ImportColladaDemo\LoadMeshFromCollada.cpp ..\..\examples\ThirdPartyLibs\Wavefront\tiny_obj_loader.cpp ..\..\examples\ThirdPartyLibs\tinyxml\tinystr.cpp ..\..\examples\ThirdPartyLibs\tinyxml\tinyxml.cpp ..\..\examples\ThirdPartyLibs\tinyxml\tinyxmlerror.cpp ..\..\examples\ThirdPartyLibs\tinyxml\tinyxmlparser.cpp ..\..\examples\Importers\ImportMeshUtility\b3ImportMeshUtility.cpp ..\..\examples\ThirdPartyLibs\stb_image\stb_image.cpp ..\..\examples\SharedMemory\udp\main.cpp
         IKTrajectoryHelper.cpp
         PhysicsServerCommandProcessor.cpp
         TinyRendererVisualShapeConverter.cpp
         geometry.cpp
         model.cpp
         tgaimage.cpp
         our_gl.cpp
         TinyRenderer.cpp
         SimpleCamera.cpp
         MyMultiBodyCreator.cpp
         BulletMJCFImporter.cpp
         BulletUrdfImporter.cpp
         UrdfParser.cpp
         urdfStringSplit.cpp
     1>..\..\examples\Importers\ImportURDFDemo\MyMultiBodyCreator.cpp(65): warning C4316: 'GenericConstraintUserInfo': l'oggetto allocato nell'heap può non essere allineato 16
     1>..\..\examples\Importers\ImportURDFDemo\MyMultiBodyCreator.cpp(148): warning C4316: 'GenericConstraintUserInfo': l'oggetto allocato nell'heap può non essere allineato 16
     1>..\..\examples\Importers\ImportURDFDemo\MyMultiBodyCreator.cpp(172): warning C4316: 'GenericConstraintUserInfo': l'oggetto allocato nell'heap può non essere allineato 16
         URDF2Bullet.cpp
     1>..\..\examples\SharedMemory\TinyRendererVisualShapeConverter.cpp(122): warning C4316: 'TinyRendererVisualShapeConverterInternalData': l'oggetto allocato nell'heap può non essere allineato 16
     1>..\..\examples\SharedMemory\TinyRendererVisualShapeConverter.cpp(613): warning C4316: 'TinyRenderObjectData': l'oggetto allocato nell'heap può non essere allineato 16
     1>..\..\examples\SharedMemory\PhysicsServerCommandProcessor.cpp(882): warning C4316: 'PhysicsServerCommandProcessorInternalData': l'oggetto allocato nell'heap può non essere allineato 16
     1>..\..\examples\SharedMemory\PhysicsServerCommandProcessor.cpp(2440): warning C4316: 'btMultiBodyJointFeedback': l'oggetto allocato nell'heap può non essere allineato 16
     1>..\..\examples\Importers\ImportURDFDemo\UrdfParser.cpp(578): warning C4316: 'UrdfMaterial': l'oggetto allocato nell'heap può non essere allineato 16
     1>..\..\examples\Importers\ImportURDFDemo\UrdfParser.cpp(612): warning C4316: 'UrdfMaterial': l'oggetto allocato nell'heap può non essere allineato 16
     1>..\..\examples\Importers\ImportURDFDemo\UrdfParser.cpp(1361): warning C4316: 'UrdfMaterial': l'oggetto allocato nell'heap può non essere allineato 16
     1>..\..\examples\Importers\ImportURDFDemo\UrdfParser.cpp(1384): warning C4316: 'UrdfLink': l'oggetto allocato nell'heap può non essere allineato 16
     1>..\..\examples\Importers\ImportURDFDemo\UrdfParser.cpp(1432): warning C4316: 'UrdfJoint': l'oggetto allocato nell'heap può non essere allineato 16
     1>..\..\examples\Importers\ImportURDFDemo\UrdfParser.cpp(1520): warning C4316: 'UrdfModel': l'oggetto allocato nell'heap può non essere allineato 16
     1>..\..\examples\Importers\ImportURDFDemo\UrdfParser.cpp(1556): warning C4316: 'UrdfMaterial': l'oggetto allocato nell'heap può non essere allineato 16
     1>..\..\examples\Importers\ImportURDFDemo\UrdfParser.cpp(1579): warning C4316: 'UrdfLink': l'oggetto allocato nell'heap può non essere allineato 16
     1>..\..\examples\Importers\ImportURDFDemo\UrdfParser.cpp(1627): warning C4316: 'UrdfJoint': l'oggetto allocato nell'heap può non essere allineato 16
         b3ResourcePath.cpp
     1>..\..\examples\Importers\ImportMJCFDemo\BulletMJCFImporter.cpp(270): warning C4316: 'UrdfModel': l'oggetto allocato nell'heap può non essere allineato 16
     1>..\..\examples\Importers\ImportMJCFDemo\BulletMJCFImporter.cpp(280): warning C4316: 'UrdfModel': l'oggetto allocato nell'heap può non essere allineato 16
     1>..\..\examples\Importers\ImportMJCFDemo\BulletMJCFImporter.cpp(283): warning C4316: 'UrdfLink': l'oggetto allocato nell'heap può non essere allineato 16
     1>..\..\examples\Importers\ImportMJCFDemo\BulletMJCFImporter.cpp(438): warning C4316: 'UrdfJoint': l'oggetto allocato nell'heap può non essere allineato 16
     1>..\..\examples\Importers\ImportMJCFDemo\BulletMJCFImporter.cpp(793): warning C4316: 'UrdfLink': l'oggetto allocato nell'heap può non essere allineato 16
     1>..\..\examples\Importers\ImportMJCFDemo\BulletMJCFImporter.cpp(975): warning C4316: 'UrdfJoint': l'oggetto allocato nell'heap può non essere allineato 16
         b3Clock.cpp
         RobotLoggingUtil.cpp
         btBulletWorldImporter.cpp
         btWorldImporter.cpp
         bChunk.cpp
         bDNA.cpp
         bFile.cpp
         btBulletFile.cpp
         Wavefront2GLInstanceGraphicsShape.cpp
         LoadMeshFromObj.cpp
         LoadMeshFromCollada.cpp
         tiny_obj_loader.cpp
     1>..\..\Extras\Serialize\BulletWorldImporter\btWorldImporter.cpp(1004): warning C4800: 'char': imposto valore booleano 'true' o 'false' (avviso di prestazioni)
     1>..\..\Extras\Serialize\BulletWorldImporter\btWorldImporter.cpp(1324): warning C4800: 'char': imposto valore booleano 'true' o 'false' (avviso di prestazioni)
         tinystr.cpp
         tinyxml.cpp
         tinyxmlerror.cpp
         tinyxmlparser.cpp
         b3ImportMeshUtility.cpp
     1>..\..\examples\ThirdPartyLibs\Wavefront\tiny_obj_loader.cpp(214): warning C4018: '<': errata corrispondenza tra signed e unsigned
     1>..\..\examples\ThirdPartyLibs\Wavefront\tiny_obj_loader.cpp(391): warning C4996: 'sscanf': This function or variable may be unsafe. Consider using sscanf_s instead. To disable deprecation, use _CRT_SECURE_NO_WARNINGS. See online help for details.
         C:\Program Files (x86)\Windows Kits\10\Include\10.0.10150.0\ucrt\stdio.h(2254): note: vedere la dichiarazione di 'sscanf'
     1>..\..\examples\ThirdPartyLibs\Wavefront\tiny_obj_loader.cpp(627): warning C4996: 'sscanf': This function or variable may be unsafe. Consider using sscanf_s instead. To disable deprecation, use _CRT_SECURE_NO_WARNINGS. See online help for details.
         C:\Program Files (x86)\Windows Kits\10\Include\10.0.10150.0\ucrt\stdio.h(2254): note: vedere la dichiarazione di 'sscanf'
     1>..\..\examples\ThirdPartyLibs\Wavefront\tiny_obj_loader.cpp(643): warning C4996: 'sscanf': This function or variable may be unsafe. Consider using sscanf_s instead. To disable deprecation, use _CRT_SECURE_NO_WARNINGS. See online help for details.
         C:\Program Files (x86)\Windows Kits\10\Include\10.0.10150.0\ucrt\stdio.h(2254): note: vedere la dichiarazione di 'sscanf'
     1>..\..\examples\ThirdPartyLibs\Wavefront\tiny_obj_loader.cpp(699): warning C4996: 'sscanf': This function or variable may be unsafe. Consider using sscanf_s instead. To disable deprecation, use _CRT_SECURE_NO_WARNINGS. See online help for details.
         C:\Program Files (x86)\Windows Kits\10\Include\10.0.10150.0\ucrt\stdio.h(2254): note: vedere la dichiarazione di 'sscanf'
         stb_image.cpp
     1>..\..\examples\Importers\ImportMeshUtility\b3ImportMeshUtility.cpp(35): warning C4018: '<': errata corrispondenza tra signed e unsigned
         main.cpp
     1>..\..\examples\ThirdPartyLibs\stb_image\stb_image.cpp(228): warning C4996: 'fopen': This function or variable may be unsafe. Consider using fopen_s instead. To disable deprecation, use _CRT_SECURE_NO_WARNINGS. See online help for details.
         C:\Program Files (x86)\Windows Kits\10\Include\10.0.10150.0\ucrt\stdio.h(205): note: vedere la dichiarazione di 'fopen'
     1>..\..\examples\ThirdPartyLibs\stb_image\stb_image.cpp(290): warning C4996: 'fopen': This function or variable may be unsafe. Consider using fopen_s instead. To disable deprecation, use _CRT_SECURE_NO_WARNINGS. See online help for details.
         C:\Program Files (x86)\Windows Kits\10\Include\10.0.10150.0\ucrt\stdio.h(205): note: vedere la dichiarazione di 'fopen'
     1>..\..\examples\ThirdPartyLibs\stb_image\stb_image.cpp(328): warning C4996: 'fopen': This function or variable may be unsafe. Consider using fopen_s instead. To disable deprecation, use _CRT_SECURE_NO_WARNINGS. See online help for details.
         C:\Program Files (x86)\Windows Kits\10\Include\10.0.10150.0\ucrt\stdio.h(205): note: vedere la dichiarazione di 'fopen'
     1>..\..\examples\ThirdPartyLibs\stb_image\stb_image.cpp(4220): warning C4996: 'fopen': This function or variable may be unsafe. Consider using fopen_s instead. To disable deprecation, use _CRT_SECURE_NO_WARNINGS. See online help for details.
         C:\Program Files (x86)\Windows Kits\10\Include\10.0.10150.0\ucrt\stdio.h(205): note: vedere la dichiarazione di 'fopen'
     1>..\..\examples\Importers\ImportObjDemo\Wavefront2GLInstanceGraphicsShape.cpp(52): warning C4018: '<': errata corrispondenza tra signed e unsigned
     1>..\..\examples\Importers\ImportObjDemo\Wavefront2GLInstanceGraphicsShape.cpp(79): warning C4018: '<': errata corrispondenza tra signed e unsigned
     1>..\..\examples\Importers\ImportObjDemo\Wavefront2GLInstanceGraphicsShape.cpp(104): warning C4018: '<': errata corrispondenza tra signed e unsigned
     1>C:\Users\antonino\Desktop\vulkan_engine\bullet3-2.86.1\src\Bullet3Common/b3CommandLineArgs.h(97): warning C4996: 'strcpy': This function or variable may be unsafe. Consider using strcpy_s instead. To disable deprecation, use _CRT_SECURE_NO_WARNINGS. See online help for details. (compilazione del file di origine ..\..\examples\SharedMemory\udp\main.cpp)
         C:\Program Files (x86)\Windows Kits\10\Include\10.0.10150.0\ucrt\string.h(119): note: vedere la dichiarazione di 'strcpy' (compilazione del file di origine ..\..\examples\SharedMemory\udp\main.cpp)
     1>..\..\examples\SharedMemory\udp\main.cpp(141): warning C4477: 'printf' : format string '%s' requires an argument of type 'char *', but variadic argument 3 has type 'void *'
     1>..\..\examples\SharedMemory\udp\main.cpp(239): warning C4477: 'printf' : format string '%s' requires an argument of type 'char *', but variadic argument 1 has type 'void *'
       Link:
         C:\Program Files (x86)\Microsoft Visual Studio 14.0\VC\bin\link.exe /ERRORREPORT:PROMPT /OUT:"..\..\bin\App_PhysicsServerUDP_vs2010_debug.exe" /INCREMENTAL /NOLOGO ..\..\bin\enet_vs2010_debug.lib ..\..\bin\Bullet3Common_vs2010_debug.lib ..\..\bin\BulletInverseDynamicsUtils_vs2010_debug.lib ..\..\bin\BulletInverseDynamics_vs2010_debug.lib ..\..\bin\BulletDynamics_vs2010_debug.lib ..\..\bin\BulletCollision_vs2010_debug.lib ..\..\bin\LinearMath_vs2010_debug.lib ..\..\bin\BussIK_vs2010_debug.lib Ws2_32.lib Winmm.lib kernel32.lib user32.lib gdi32.lib winspool.lib comdlg32.lib advapi32.lib shell32.lib ole32.lib oleaut32.lib uuid.lib odbc32.lib odbccp32.lib /MANIFEST /MANIFESTUAC:"level='asInvoker' uiAccess='false'" /manifest:embed /Debug /PDB:"..\..\bin\App_PhysicsServerUDP_vs2010_debug.pdb" /SUBSYSTEM:CONSOLE /TLBID:1 /ENTRY:"mainCRTStartup" /DYNAMICBASE /NXCOMPAT /IMPLIB:"..\..\bin\App_PhysicsServerUDP_vs2010_debug.lib" /MACHINE:X86 obj\x32\Debug\App_PhysicsServerUDP\IKTrajectoryHelper.obj
         obj\x32\Debug\App_PhysicsServerUDP\PhysicsServerCommandProcessor.obj
         obj\x32\Debug\App_PhysicsServerUDP\TinyRendererVisualShapeConverter.obj
         obj\x32\Debug\App_PhysicsServerUDP\geometry.obj
         obj\x32\Debug\App_PhysicsServerUDP\model.obj
         obj\x32\Debug\App_PhysicsServerUDP\tgaimage.obj
         obj\x32\Debug\App_PhysicsServerUDP\our_gl.obj
         obj\x32\Debug\App_PhysicsServerUDP\TinyRenderer.obj
         obj\x32\Debug\App_PhysicsServerUDP\SimpleCamera.obj
         obj\x32\Debug\App_PhysicsServerUDP\MyMultiBodyCreator.obj
         obj\x32\Debug\App_PhysicsServerUDP\BulletMJCFImporter.obj
         obj\x32\Debug\App_PhysicsServerUDP\BulletUrdfImporter.obj
         obj\x32\Debug\App_PhysicsServerUDP\UrdfParser.obj
         obj\x32\Debug\App_PhysicsServerUDP\urdfStringSplit.obj
         obj\x32\Debug\App_PhysicsServerUDP\URDF2Bullet.obj
         obj\x32\Debug\App_PhysicsServerUDP\b3ResourcePath.obj
         obj\x32\Debug\App_PhysicsServerUDP\b3Clock.obj
         obj\x32\Debug\App_PhysicsServerUDP\RobotLoggingUtil.obj
         obj\x32\Debug\App_PhysicsServerUDP\btBulletWorldImporter.obj
         obj\x32\Debug\App_PhysicsServerUDP\btWorldImporter.obj
         obj\x32\Debug\App_PhysicsServerUDP\bChunk.obj
         obj\x32\Debug\App_PhysicsServerUDP\bDNA.obj
         obj\x32\Debug\App_PhysicsServerUDP\bFile.obj
         obj\x32\Debug\App_PhysicsServerUDP\btBulletFile.obj
         obj\x32\Debug\App_PhysicsServerUDP\Wavefront2GLInstanceGraphicsShape.obj
         obj\x32\Debug\App_PhysicsServerUDP\LoadMeshFromObj.obj
         obj\x32\Debug\App_PhysicsServerUDP\LoadMeshFromCollada.obj
         obj\x32\Debug\App_PhysicsServerUDP\tiny_obj_loader.obj
         obj\x32\Debug\App_PhysicsServerUDP\tinystr.obj
         obj\x32\Debug\App_PhysicsServerUDP\tinyxml.obj
         obj\x32\Debug\App_PhysicsServerUDP\tinyxmlerror.obj
         obj\x32\Debug\App_PhysicsServerUDP\tinyxmlparser.obj
         obj\x32\Debug\App_PhysicsServerUDP\b3ImportMeshUtility.obj
         obj\x32\Debug\App_PhysicsServerUDP\stb_image.obj
         obj\x32\Debug\App_PhysicsServerUDP\main.obj
         App_PhysicsServerUDP.vcxproj -> C:\Users\antonino\Desktop\vulkan_engine\bullet3-2.86.1\build3\vs2010\..\..\bin\App_PhysicsServerUDP_vs2010_debug.exe
     1>Compilazione progetto "C:\Users\antonino\Desktop\vulkan_engine\bullet3-2.86.1\build3\vs2010\App_PhysicsServerUDP.vcxproj" (destinazioni: Build) completata.

Compilazione completata.

Tempo trascorso 00:00:42.56
